<?xml version="1.0" encoding="UTF-8"?>
<testsuite xmlns:xsi="http://www.w3.org/2001/XMLSchema-instance" xsi:schemaLocation="https://maven.apache.org/surefire/maven-surefire-plugin/xsd/surefire-test-report.xsd" name="com.edurekademo.utilities.TestLogger" time="0.032" tests="5" errors="0" skipped="0" failures="0">
  <properties>
[...]
</properties>
  <testcase name="testGetErrorMessage2" classname="com.edurekademo.utilities.TestLogger" time="0.029"/>
  <testcase name="testGetErrorMessage1" classname="com.edurekademo.utilities.TestLogger" time="0.03"/>
  <testcase name="testGetErrorMessage3" classname="com.edurekademo.utilities.TestLogger" time="0.013"/>
  <testcase name="testGetErrorMessage5" classname="com.edurekademo.utilities.TestLogger" time="0.012"/>
  <testcase name="testGetErrorMessage4" classname="com.edurekademo.utilities.TestLogger" time="0.014"/>
</testsuite>